<?xml version="1.0" encoding="UTF-8"?>
<!-- Generated by org.testng.reporters.JUnitXMLReporter -->
<testsuite ignored="0" hostname="DevendraS-130398" failures="0" tests="3" name="Default test" time="17.169" errors="0" timestamp="2023-05-07T16:34:43 IST">
  <testcase classname="com_st_pages_test.LoginPageTest" name="loginPageURLvalidation" time="0.017"/>
  <testcase classname="com_st_pages_test.LoginPageTest" name="logingpageImgLogoTest" time="0.079"/>
  <testcase classname="com_st_pages_test.LoginPageTest" name="loginTest" time="2.917"/>
</testsuite> <!-- Default test -->
