<?xml version="1.0" encoding="UTF-8"?>
<testng-results ignored="0" total="3" passed="3" failed="0" skipped="0">
  <reporter-output>
  </reporter-output>
  <suite started-at="2023-05-07T16:34:26 IST" name="Default suite" finished-at="2023-05-07T16:34:43 IST" duration-ms="17169">
    <groups>
    </groups>
    <test started-at="2023-05-07T16:34:26 IST" name="Default test" finished-at="2023-05-07T16:34:43 IST" duration-ms="17169">
      <class name="com_st_pages_test.LoginPageTest">
        <test-method is-config="true" signature="setup()[pri:0, instance:com_st_pages_test.LoginPageTest@4cc8eb05]" started-at="2023-05-07T16:34:26 IST" name="setup" finished-at="2023-05-07T16:34:31 IST" duration-ms="4981" status="PASS">
          <reporter-output>
          </reporter-output>
        </test-method> <!-- setup -->
        <test-method signature="loginPageURLvalidation()[pri:1, instance:com_st_pages_test.LoginPageTest@4cc8eb05]" started-at="2023-05-07T16:34:31 IST" name="loginPageURLvalidation" finished-at="2023-05-07T16:34:31 IST" duration-ms="17" status="PASS">
          <reporter-output>
          </reporter-output>
        </test-method> <!-- loginPageURLvalidation -->
        <test-method is-config="true" signature="setup()[pri:0, instance:com_st_pages_test.LoginPageTest@4cc8eb05]" started-at="2023-05-07T16:34:31 IST" name="setup" finished-at="2023-05-07T16:34:35 IST" duration-ms="4163" status="PASS">
          <reporter-output>
          </reporter-output>
        </test-method> <!-- setup -->
        <test-method signature="logingpageImgLogoTest()[pri:2, instance:com_st_pages_test.LoginPageTest@4cc8eb05]" started-at="2023-05-07T16:34:35 IST" name="logingpageImgLogoTest" finished-at="2023-05-07T16:34:35 IST" duration-ms="79" status="PASS">
          <reporter-output>
          </reporter-output>
        </test-method> <!-- logingpageImgLogoTest -->
        <test-method is-config="true" signature="setup()[pri:0, instance:com_st_pages_test.LoginPageTest@4cc8eb05]" started-at="2023-05-07T16:34:35 IST" name="setup" finished-at="2023-05-07T16:34:40 IST" duration-ms="4967" status="PASS">
          <reporter-output>
          </reporter-output>
        </test-method> <!-- setup -->
        <test-method signature="loginTest()[pri:3, instance:com_st_pages_test.LoginPageTest@4cc8eb05]" started-at="2023-05-07T16:34:40 IST" name="loginTest" finished-at="2023-05-07T16:34:43 IST" duration-ms="2917" status="PASS">
          <reporter-output>
          </reporter-output>
        </test-method> <!-- loginTest -->
      </class> <!-- com_st_pages_test.LoginPageTest -->
    </test> <!-- Default test -->
  </suite> <!-- Default suite -->
</testng-results>
